<?xml version="1.0" encoding="UTF-8"?>
<!-- Generated by org.testng.reporters.JUnitReportReporter -->
<testsuite hostname="LAPTOP-0Q0A67KA" failures="0" tests="1" name="Java.HashSetPracticle" time="0.008" errors="0" timestamp="2022-11-28T10:08:36 IST" skipped="0">
  <testcase classname="Java.HashSetPracticle" name="removeDuplicate" time="0.008"/>
  <system-out/>
</testsuite> <!-- Java.HashSetPracticle -->
