<?xml version="1.0" encoding="UTF-8"?>
<!-- Generated by org.testng.reporters.JUnitReportReporter -->
<testsuite hostname="LAPTOP-0Q0A67KA" failures="0" tests="1" name="Java.ArrayListLearning" time="0.010" errors="0" timestamp="2022-11-22T20:17:52 IST" skipped="0">
  <testcase classname="Java.ArrayListLearning" name="addElementToArrayList" time="0.010"/>
  <system-out/>
</testsuite> <!-- Java.ArrayListLearning -->
